<?xml version="1.0" encoding="UTF-8"?>
<!-- Generated by org.testng.reporters.JUnitReportReporter -->
<testsuite hostname="FVFHXGV6Q6LR" failures="0" tests="1" name="Com_Tests.RightClick" time="4.041" errors="0" timestamp="2023-05-11T10:48:15 IST" skipped="0">
  <testcase classname="Com_Tests.RightClick" name="TC" time="4.041"/>
  <system-out/>
</testsuite> <!-- Com_Tests.RightClick -->
