<?xml version="1.0" encoding="UTF-8"?>
<!-- Generated by org.testng.reporters.JUnitReportReporter -->
<testsuite hostname="FVFHXGV6Q6LR" failures="0" tests="1" name="Com_Tests.Exception_Handling_JS" time="21.978" errors="0" timestamp="2023-05-11T16:27:48 IST" skipped="0">
  <testcase classname="Com_Tests.Exception_Handling_JS" name="Js" time="21.978"/>
  <system-out/>
</testsuite> <!-- Com_Tests.Exception_Handling_JS -->
