<?xml version="1.0" encoding="UTF-8"?>
<!-- Generated by org.testng.reporters.JUnitReportReporter -->
<testsuite hostname="FVFHXGV6Q6LR" failures="0" tests="1" name="Com_Tests.testng_Demo" time="14.895" errors="0" timestamp="2023-05-11T17:05:00 IST" skipped="0">
  <testcase classname="Com_Tests.testng_Demo" name="test" time="14.895"/>
  <system-out/>
</testsuite> <!-- Com_Tests.testng_Demo -->
