<?xml version="1.0" encoding="UTF-8"?>
<!-- Generated by org.testng.reporters.JUnitReportReporter -->
<testsuite hostname="FVFHXGV6Q6LR" failures="0" tests="1" name="Intorduction_to_selenium_webdriver.Assignment2" time="9.411" errors="0" timestamp="2023-05-03T14:01:57 IST" skipped="0">
  <testcase classname="Intorduction_to_selenium_webdriver.Assignment2" name="method" time="9.411"/>
  <system-out/>
</testsuite> <!-- Intorduction_to_selenium_webdriver.Assignment2 -->
