<?xml version="1.0" encoding="UTF-8"?>
<!-- Generated by org.testng.reporters.JUnitReportReporter -->
<testsuite hostname="FVFHXGV6Q6LR" failures="0" tests="1" name="Com_Tests.dropDown" time="3.336" errors="0" timestamp="2023-05-11T09:59:12 IST" skipped="0">
  <testcase classname="Com_Tests.dropDown" name="TC1" time="3.336"/>
  <system-out/>
</testsuite> <!-- Com_Tests.dropDown -->
